#
# A fatal error has been detected by the Java Runtime Environment:
#
#  SIGSEGV (0xb) at pc=0x00007fff8acb08e2, pid=38001, tid=2571
#
# JRE version: Java(TM) SE Runtime Environment (7.0_79-b15) (build 1.7.0_79-b15)
# Java VM: Java HotSpot(TM) 64-Bit Server VM (24.79-b02 mixed mode bsd-amd64 compressed oops)
# Problematic frame:
# C  [libGPUSupportMercury.dylib+0xa8e2]  gldAttachDrawable+0x60
#
# Failed to write core dump. Core dumps have been disabled. To enable core dumping, try "ulimit -c unlimited" before starting Java again
#
# If you would like to submit a bug report, please visit:
#   http://bugreport.java.com/bugreport/crash.jsp
# The crash happened outside the Java Virtual Machine in native code.
# See problematic frame for where to report the bug.
#

---------------  T H R E A D  ---------------

Current thread (0x00007fe5a4852000):  JavaThread "AppKit Thread" daemon [_thread_in_native, id=2571, stack(0x00007fff5e2a3000,0x00007fff5eaa3000)]

siginfo:si_signo=SIGSEGV: si_errno=0, si_code=1 (SEGV_MAPERR), si_addr=0x0000000000000000

Registers:
RAX=0x0000000000000000, RBX=0x000000000000271e, RCX=0x0000000000000000, RDX=0x00007fe5a2f589c8
RSP=0x00007fff5ea9e220, RBP=0x00007fff5ea9e320, RSI=0x0000000000000050, RDI=0xc5002b82bb685c03
R8 =0x00007fe5a6009e60, R9 =0x00007fe5a5800000, R10=0x000000000000003c, R11=0x0000000000000206
R12=0x0000000000002718, R13=0x00007fe5a48cd000, R14=0x0000000000000050, R15=0x0000000000000000
RIP=0x00007fff8acb08e2, EFLAGS=0x0000000000010212, ERR=0x0000000000000004
  TRAPNO=0x000000000000000e

Top of Stack: (sp=0x00007fff5ea9e220)
0x00007fff5ea9e220:   0000000000053627 0000000000014919
0x00007fff5ea9e230:   00007fff5ea9e270 00007fff9f096f4b
0x00007fff5ea9e240:   0000000000000000 4036000000000000
0x00007fff5ea9e250:   407f400000000000 0000000000000000
0x00007fff5ea9e260:   31cd01c400053627 0000000031cd01c4
0x00007fff5ea9e270:   00007fff5ea9e360 00007fff9ed64252
0x00007fff5ea9e280:   0000000000000000 4036000000000000
0x00007fff5ea9e290:   407f400000000000 407f400000000000
0x00007fff5ea9e2a0:   7ff0000000000000 7ff0000000000000
0x00007fff5ea9e2b0:   0000000000000000 0000000000000000
0x00007fff5ea9e2c0:   0000000000014919 00007fe5a2f60340
0x00007fff5ea9e2d0:   7ff0000000000000 7ff0000000000000
0x00007fff5ea9e2e0:   00007fff5ea9e310 00007fff9ecf2662
0x00007fff5ea9e2f0:   c5002b82bb685c03 00007fe5a6000000
0x00007fff5ea9e300:   0000000000002718 0000000000000000
0x00007fff5ea9e310:   0000000000000050 0000000000000000
0x00007fff5ea9e320:   00007fff5ea9e380 00000001111b5553
0x00007fff5ea9e330:   409a400000000000 0000000000000000
0x00007fff5ea9e340:   00007fe5a6009e60 0000000000053627
0x00007fff5ea9e350:   00007fe5a2f589c8 00007fe5a2e57640
0x00007fff5ea9e360:   0000000000000000 00007fe5a48caf50
0x00007fff5ea9e370:   00007fe5a48c9000 c5002b82bb685c03
0x00007fff5ea9e380:   00007fff5ea9e470 00007fff96bc7844
0x00007fff5ea9e390:   4090680000000000 4089d00000000000
0x00007fff5ea9e3a0:   4078b00000000000 407f400000000000
0x00007fff5ea9e3b0:   4080500000000000 0000000000000000
0x00007fff5ea9e3c0:   4036000000000000 407f400000000000
0x00007fff5ea9e3d0:   407f400000000000 0000000000000000
0x00007fff5ea9e3e0:   0000000000000000 0000000000000001
0x00007fff5ea9e3f0:   00007fe5a2f589c8 0000000000000001
0x00007fff5ea9e400:   00007fff5ea9e470 00007fff96bcc5da
0x00007fff5ea9e410:   0000000000000003 0000000100000001 

Instructions: (pc=0x00007fff8acb08e2)
0x00007fff8acb08c2:   48 85 d2 b8 01 00 00 00 bb 15 27 00 00 0f 44 d8
0x00007fff8acb08d2:   e9 29 03 00 00 49 8b 45 08 48 89 85 38 ff ff ff
0x00007fff8acb08e2:   48 8b 00 48 89 85 30 ff ff ff 83 fe 4f 0f 8f 03
0x00007fff8acb08f2:   01 00 00 48 89 d0 bb 15 27 00 00 83 fe 35 0f 84 

Register to memory mapping:

RAX=0x0000000000000000 is an unknown value
RBX=0x000000000000271e is an unknown value
RCX=0x0000000000000000 is an unknown value
RDX=0x00007fe5a2f589c8 is an unknown value
RSP=0x00007fff5ea9e220 is pointing into the stack for thread: 0x00007fe5a4852000
RBP=0x00007fff5ea9e320 is pointing into the stack for thread: 0x00007fe5a4852000
RSI=0x0000000000000050 is an unknown value
RDI=0xc5002b82bb685c03 is an unknown value
R8 =0x00007fe5a6009e60 is an unknown value
R9 =0x00007fe5a5800000 is an unknown value
R10=0x000000000000003c is an unknown value
R11=0x0000000000000206 is an unknown value
R12=0x0000000000002718 is an unknown value
R13=0x00007fe5a48cd000 is an unknown value
R14=0x0000000000000050 is an unknown value
R15=0x0000000000000000 is an unknown value


Stack: [0x00007fff5e2a3000,0x00007fff5eaa3000],  sp=0x00007fff5ea9e220,  free space=8172k
Native frames: (J=compiled Java code, j=interpreted, Vv=VM code, C=native code)
C  [libGPUSupportMercury.dylib+0xa8e2]  gldAttachDrawable+0x60
C  [GLEngine+0x16553]  gliAttachDrawableWithOptions+0x108
C  [OpenGL+0x3844]  glcGetIOAccelService+0xe35
C  [OpenGL+0x7370]  CGLSetPBuffer+0xb38
C  [OpenGL+0x7695]  CGLSetSurface+0x124
C  [AppKit+0x30df20]  NSOpenGLContextAttachOnScreenViewSurface+0x109
C  [AppKit+0x6519ea]  __27-[NSOpenGLContext setView:]_block_invoke+0xc0
C  [AppKit+0x835659]  NSPerformVisuallyAtomicChange+0x93
C  [AppKit+0x2f9204]  -[NSOpenGLContext setView:]+0x77
C  [liblwjgl.dylib+0xa586]  -[MacOSXOpenGLView lockFocus]+0x76
C  [AppKit+0xd77c3]  -[NSView _recursiveDisplayRectIfNeededIgnoringOpacity:isVisibleRect:rectIsVisibleRectForView:topView:]+0x6e2
C  [AppKit+0xd87b1]  -[NSView _recursiveDisplayRectIfNeededIgnoringOpacity:isVisibleRect:rectIsVisibleRectForView:topView:]+0x16d0
C  [AppKit+0xd6c0c]  -[NSThemeFrame _recursiveDisplayRectIfNeededIgnoringOpacity:isVisibleRect:rectIsVisibleRectForView:topView:]+0x14e
C  [AppKit+0xd31ef]  -[NSView _displayRectIgnoringOpacity:isVisibleRect:rectIsVisibleRectForView:]+0x991
C  [AppKit+0x8d971]  -[NSView displayIfNeeded]+0x79e
C  [AppKit+0x8d19c]  -[NSWindow displayIfNeeded]+0xe8
C  [AppKit+0x8096da]  ___NSWindowGetDisplayCycleObserver_block_invoke6367+0x1dc
C  [AppKit+0x4500d6]  __37+[NSDisplayCycle currentDisplayCycle]_block_invoke+0x2e2
C  [QuartzCore+0x173b5d]  _ZN2CA11Transaction19run_commit_handlersE18CATransactionPhase+0x55
C  [QuartzCore+0xdc7c]  _ZN2CA7Context18commit_transactionEPNS_11TransactionE+0xa0
C  [QuartzCore+0xda24]  _ZN2CA11Transaction6commitEv+0x1fc
C  [QuartzCore+0x1c917]  _ZN2CA11Transaction17observer_callbackEP19__CFRunLoopObservermPv+0x47
C  [CoreFoundation+0x7de37]  __CFRUNLOOP_IS_CALLING_OUT_TO_AN_OBSERVER_CALLBACK_FUNCTION__+0x17
C  [CoreFoundation+0x7dda7]  __CFRunLoopDoObservers+0x187
C  [CoreFoundation+0x6f358]  CFRunLoopRunSpecific+0x148
C  [HIToolbox+0x30935]  RunCurrentEventLoopInMode+0xeb
C  [HIToolbox+0x30677]  ReceiveNextEventCommon+0xb8
C  [HIToolbox+0x305af]  _BlockUntilNextEventMatchingListInModeWithFilter+0x47
C  [AppKit+0x8a0ee]  _DPSNextEvent+0x42b
C  [AppKit+0x456943]  -[NSApplication _nextEventMatchingEventMask:untilDate:inMode:dequeue:]+0x1c6
C  [libosxapp.dylib+0x24e3]  -[NSApplicationAWT nextEventMatchingMask:untilDate:inMode:dequeue:]+0x7c
C  [AppKit+0x7ffc8]  -[NSApplication run]+0x2aa
C  [libosxapp.dylib+0x2346]  +[NSApplicationAWT runAWTLoopWithApp:]+0x9c
C  [liblwawt.dylib+0xe17d]  -[AWTStarter starter:]+0x369
C  [Foundation+0x8dd4b]  __NSThreadPerformPerform+0x117
C  [CoreFoundation+0x7e5c1]  __CFRUNLOOP_IS_CALLING_OUT_TO_A_SOURCE0_PERFORM_FUNCTION__+0x11
C  [CoreFoundation+0x7041c]  __CFRunLoopDoSources0+0x22c
C  [CoreFoundation+0x6f93f]  __CFRunLoopRun+0x39f
C  [CoreFoundation+0x6f338]  CFRunLoopRunSpecific+0x128
C  [java+0x73b0]  CreateExecutionEnvironment+0x367
C  [java+0x1b5c]  JLI_Launch+0x7a0
C  [java+0x770d]  main+0x65
C  [java+0x13b4]  start+0x34


---------------  P R O C E S S  ---------------

Java Threads: ( => current thread )
  0x00007fe5a41b9800 JavaThread "AWT-Shutdown" [_thread_blocked, id=23867, stack(0x0000700000932000,0x0000700000a32000)]
  0x00007fe5a38c6000 JavaThread "Java2D Queue Flusher" daemon [_thread_blocked, id=56595, stack(0x00007000013dc000,0x00007000014dc000)]
  0x00007fe5a41a3000 JavaThread "Java2D Disposer" daemon [_thread_blocked, id=55399, stack(0x00007000012d9000,0x00007000013d9000)]
=>0x00007fe5a4852000 JavaThread "AppKit Thread" daemon [_thread_in_native, id=2571, stack(0x00007fff5e2a3000,0x00007fff5eaa3000)]
  0x00007fe5a3059800 JavaThread "Service Thread" daemon [_thread_blocked, id=18179, stack(0x0000700000d41000,0x0000700000e41000)]
  0x00007fe5a4016000 JavaThread "C2 CompilerThread1" daemon [_thread_blocked, id=17667, stack(0x0000700000c3e000,0x0000700000d3e000)]
  0x00007fe5a3059000 JavaThread "C2 CompilerThread0" daemon [_thread_blocked, id=17155, stack(0x0000700000b3b000,0x0000700000c3b000)]
  0x00007fe5a482d000 JavaThread "Signal Dispatcher" daemon [_thread_blocked, id=12815, stack(0x0000700000a38000,0x0000700000b38000)]
  0x00007fe5a3804800 JavaThread "Finalizer" daemon [_thread_blocked, id=12291, stack(0x000070000082f000,0x000070000092f000)]
  0x00007fe5a4004000 JavaThread "Reference Handler" daemon [_thread_blocked, id=11779, stack(0x000070000072c000,0x000070000082c000)]
  0x00007fe5a4801800 JavaThread "main" [_thread_in_native, id=4867, stack(0x0000700000084000,0x0000700000184000)]

Other Threads:
  0x00007fe5a481a000 VMThread [stack: 0x0000700000629000,0x0000700000729000] [id=11267]
  0x00007fe5a4013800 WatcherThread [stack: 0x0000700000e44000,0x0000700000f44000] [id=18691]

VM state:not at safepoint (normal execution)

VM Mutex/Monitor currently owned by a thread: None

Heap
 PSYoungGen      total 38912K, used 20045K [0x00000007d5500000, 0x00000007d8000000, 0x0000000800000000)
  eden space 33792K, 47% used [0x00000007d5500000,0x00000007d64ab660,0x00000007d7600000)
  from space 5120K, 78% used [0x00000007d7600000,0x00000007d79e8000,0x00000007d7b00000)
  to   space 5120K, 0% used [0x00000007d7b00000,0x00000007d7b00000,0x00000007d8000000)
 ParOldGen       total 87040K, used 8K [0x0000000780000000, 0x0000000785500000, 0x00000007d5500000)
  object space 87040K, 0% used [0x0000000780000000,0x0000000780002000,0x0000000785500000)
 PSPermGen       total 21504K, used 8818K [0x000000077ae00000, 0x000000077c300000, 0x0000000780000000)
  object space 21504K, 41% used [0x000000077ae00000,0x000000077b69ca98,0x000000077c300000)

Card table byte_map: [0x0000000106000000,0x000000010642a000] byte_map_base: 0x0000000102429000

Polling page: 0x0000000101568000

Code Cache  [0x0000000103000000, 0x0000000103270000, 0x0000000106000000)
 total_blobs=702 nmethods=259 adapters=397 free_code_cache=48029Kb largest_free_block=49122688

Compilation events (10 events):
Event: 134.044 Thread 0x00007fe5a4016000  255             java.util.HashMap$Entry::getKey (5 bytes)
Event: 134.044 Thread 0x00007fe5a4016000 nmethod 255 0x00000001030fff10 code [0x0000000103100040, 0x00000001031000b8]
Event: 134.885 Thread 0x00007fe5a3059000  256             org.newdawn.slick.Input::poll (1561 bytes)
Event: 135.098 Thread 0x00007fe5a3059000 nmethod 256 0x000000010311b810 code [0x000000010311c220, 0x0000000103122cb8]
Event: 135.546 Thread 0x00007fe5a4016000  257             com.tweeter.app.BirdPlayer::isUserBird (12 bytes)
Event: 135.547 Thread 0x00007fe5a4016000 nmethod 257 0x0000000103106250 code [0x0000000103106380, 0x00000001031063f8]
Event: 139.821 Thread 0x00007fe5a3059000  258             java.nio.HeapByteBuffer::_put (8 bytes)
Event: 139.822 Thread 0x00007fe5a3059000 nmethod 258 0x0000000103106c50 code [0x0000000103106da0, 0x0000000103106e58]
Event: 139.828 Thread 0x00007fe5a4016000  259             java.nio.HeapByteBuffer::_get (7 bytes)
Event: 139.829 Thread 0x00007fe5a4016000 nmethod 259 0x0000000103100dd0 code [0x0000000103100f20, 0x0000000103100fb8]

GC Heap History (6 events):
Event: 23.999 GC heap before
{Heap before GC invocations=1 (full 0):
 PSYoungGen      total 38912K, used 33792K [0x00000007d5500000, 0x00000007d8000000, 0x0000000800000000)
  eden space 33792K, 100% used [0x00000007d5500000,0x00000007d7600000,0x00000007d7600000)
  from space 5120K, 0% used [0x00000007d7b00000,0x00000007d7b00000,0x00000007d8000000)
  to   space 5120K, 0% used [0x00000007d7600000,0x00000007d7600000,0x00000007d7b00000)
 ParOldGen       total 87040K, used 0K [0x0000000780000000, 0x0000000785500000, 0x00000007d5500000)
  object space 87040K, 0% used [0x0000000780000000,0x0000000780000000,0x0000000785500000)
 PSPermGen       total 21504K, used 8810K [0x000000077ae00000, 0x000000077c300000, 0x0000000780000000)
  object space 21504K, 40% used [0x000000077ae00000,0x000000077b69a920,0x000000077c300000)
Event: 24.007 GC heap after
Heap after GC invocations=1 (full 0):
 PSYoungGen      total 38912K, used 4999K [0x00000007d5500000, 0x00000007d8000000, 0x0000000800000000)
  eden space 33792K, 0% used [0x00000007d5500000,0x00000007d5500000,0x00000007d7600000)
  from space 5120K, 97% used [0x00000007d7600000,0x00000007d7ae1c70,0x00000007d7b00000)
  to   space 5120K, 0% used [0x00000007d7b00000,0x00000007d7b00000,0x00000007d8000000)
 ParOldGen       total 87040K, used 8K [0x0000000780000000, 0x0000000785500000, 0x00000007d5500000)
  object space 87040K, 0% used [0x0000000780000000,0x0000000780002000,0x0000000785500000)
 PSPermGen       total 21504K, used 8810K [0x000000077ae00000, 0x000000077c300000, 0x0000000780000000)
  object space 21504K, 40% used [0x000000077ae00000,0x000000077b69a920,0x000000077c300000)
}
Event: 79.829 GC heap before
{Heap before GC invocations=2 (full 0):
 PSYoungGen      total 38912K, used 38791K [0x00000007d5500000, 0x00000007d8000000, 0x0000000800000000)
  eden space 33792K, 100% used [0x00000007d5500000,0x00000007d7600000,0x00000007d7600000)
  from space 5120K, 97% used [0x00000007d7600000,0x00000007d7ae1c70,0x00000007d7b00000)
  to   space 5120K, 0% used [0x00000007d7b00000,0x00000007d7b00000,0x00000007d8000000)
 ParOldGen       total 87040K, used 8K [0x0000000780000000, 0x0000000785500000, 0x00000007d5500000)
  object space 87040K, 0% used [0x0000000780000000,0x0000000780002000,0x0000000785500000)
 PSPermGen       total 21504K, used 8812K [0x000000077ae00000, 0x000000077c300000, 0x0000000780000000)
  object space 21504K, 40% used [0x000000077ae00000,0x000000077b69b020,0x000000077c300000)
Event: 79.835 GC heap after
Heap after GC invocations=2 (full 0):
 PSYoungGen      total 38912K, used 4050K [0x00000007d5500000, 0x00000007d8000000, 0x0000000800000000)
  eden space 33792K, 0% used [0x00000007d5500000,0x00000007d5500000,0x00000007d7600000)
  from space 5120K, 79% used [0x00000007d7b00000,0x00000007d7ef48f0,0x00000007d8000000)
  to   space 5120K, 0% used [0x00000007d7600000,0x00000007d7600000,0x00000007d7b00000)
 ParOldGen       total 87040K, used 8K [0x0000000780000000, 0x0000000785500000, 0x00000007d5500000)
  object space 87040K, 0% used [0x0000000780000000,0x0000000780002000,0x0000000785500000)
 PSPermGen       total 21504K, used 8812K [0x000000077ae00000, 0x000000077c300000, 0x0000000780000000)
  object space 21504K, 40% used [0x000000077ae00000,0x000000077b69b020,0x000000077c300000)
}
Event: 123.820 GC heap before
{Heap before GC invocations=3 (full 0):
 PSYoungGen      total 38912K, used 37842K [0x00000007d5500000, 0x00000007d8000000, 0x0000000800000000)
  eden space 33792K, 100% used [0x00000007d5500000,0x00000007d7600000,0x00000007d7600000)
  from space 5120K, 79% used [0x00000007d7b00000,0x00000007d7ef48f0,0x00000007d8000000)
  to   space 5120K, 0% used [0x00000007d7600000,0x00000007d7600000,0x00000007d7b00000)
 ParOldGen       total 87040K, used 8K [0x0000000780000000, 0x0000000785500000, 0x00000007d5500000)
  object space 87040K, 0% used [0x0000000780000000,0x0000000780002000,0x0000000785500000)
 PSPermGen       total 21504K, used 8812K [0x000000077ae00000, 0x000000077c300000, 0x0000000780000000)
  object space 21504K, 40% used [0x000000077ae00000,0x000000077b69b020,0x000000077c300000)
Event: 123.824 GC heap after
Heap after GC invocations=3 (full 0):
 PSYoungGen      total 38912K, used 4000K [0x00000007d5500000, 0x00000007d8000000, 0x0000000800000000)
  eden space 33792K, 0% used [0x00000007d5500000,0x00000007d5500000,0x00000007d7600000)
  from space 5120K, 78% used [0x00000007d7600000,0x00000007d79e8000,0x00000007d7b00000)
  to   space 5120K, 0% used [0x00000007d7b00000,0x00000007d7b00000,0x00000007d8000000)
 ParOldGen       total 87040K, used 8K [0x0000000780000000, 0x0000000785500000, 0x00000007d5500000)
  object space 87040K, 0% used [0x0000000780000000,0x0000000780002000,0x0000000785500000)
 PSPermGen       total 21504K, used 8812K [0x000000077ae00000, 0x000000077c300000, 0x0000000780000000)
  object space 21504K, 40% used [0x000000077ae00000,0x000000077b69b020,0x000000077c300000)
}

Deoptimization events (10 events):
Event: 1.154 Thread 0x00007fe5a4801800 Uncommon trap: reason=class_check action=maybe_recompile pc=0x00000001030837ac method=java.util.HashMap.put(Ljava/lang/Object;Ljava/lang/Object;)Ljava/lang/Object; @ 137
Event: 1.154 Thread 0x00007fe5a4801800 Uncommon trap: reason=class_check action=maybe_recompile pc=0x00000001030837ac method=java.util.HashMap.put(Ljava/lang/Object;Ljava/lang/Object;)Ljava/lang/Object; @ 137
Event: 1.154 Thread 0x00007fe5a4801800 Uncommon trap: reason=class_check action=maybe_recompile pc=0x00000001030837ac method=java.util.HashMap.put(Ljava/lang/Object;Ljava/lang/Object;)Ljava/lang/Object; @ 137
Event: 1.154 Thread 0x00007fe5a4801800 Uncommon trap: reason=class_check action=maybe_recompile pc=0x00000001030837ac method=java.util.HashMap.put(Ljava/lang/Object;Ljava/lang/Object;)Ljava/lang/Object; @ 137
Event: 1.292 Thread 0x00007fe5a4852000 Uncommon trap: reason=null_check action=make_not_entrant pc=0x0000000103065a90 method=java.lang.String.equals(Ljava/lang/Object;)Z @ 8
Event: 1.367 Thread 0x00007fe5a4801800 Uncommon trap: reason=unreached action=reinterpret pc=0x00000001030a1d88 method=sun.awt.image.ByteInterleavedRaster.getDataElements(IILjava/lang/Object;)Ljava/lang/Object; @ 43
Event: 6.113 Thread 0x00007fe5a4801800 Uncommon trap: reason=bimorphic action=maybe_recompile pc=0x00000001030d5b8c method=org.newdawn.slick.Input.poll(II)V @ 300
Event: 132.269 Thread 0x00007fe5a4801800 Uncommon trap: reason=bimorphic action=maybe_recompile pc=0x00000001030d5b8c method=org.newdawn.slick.Input.poll(II)V @ 300
Event: 132.486 Thread 0x00007fe5a4801800 Uncommon trap: reason=bimorphic action=maybe_recompile pc=0x00000001030d5b8c method=org.newdawn.slick.Input.poll(II)V @ 300
Event: 133.923 Thread 0x00007fe5a4801800 Uncommon trap: reason=bimorphic action=maybe_recompile pc=0x00000001030d5b8c method=org.newdawn.slick.Input.poll(II)V @ 300

Internal exceptions (10 events):
Event: 1.372 Thread 0x00007fe5a4801800 Threw 0x00000007d64c4078 at /HUDSON/workspace/7u-2-build-macosx-x86_64/jdk7u79/2331/hotspot/src/share/vm/prims/jvm.cpp:1304
Event: 1.373 Thread 0x00007fe5a4801800 Threw 0x00000007d64c92c8 at /HUDSON/workspace/7u-2-build-macosx-x86_64/jdk7u79/2331/hotspot/src/share/vm/prims/jvm.cpp:1304
Event: 1.374 Thread 0x00007fe5a4801800 Threw 0x00000007d64d4260 at /HUDSON/workspace/7u-2-build-macosx-x86_64/jdk7u79/2331/hotspot/src/share/vm/prims/jvm.cpp:1304
Event: 1.375 Thread 0x00007fe5a4801800 Threw 0x00000007d64da998 at /HUDSON/workspace/7u-2-build-macosx-x86_64/jdk7u79/2331/hotspot/src/share/vm/prims/jvm.cpp:1304
Event: 1.376 Thread 0x00007fe5a4801800 Threw 0x00000007d64de510 at /HUDSON/workspace/7u-2-build-macosx-x86_64/jdk7u79/2331/hotspot/src/share/vm/prims/jvm.cpp:1304
Event: 1.383 Thread 0x00007fe5a4801800 Threw 0x00000007d6547890 at /HUDSON/workspace/7u-2-build-macosx-x86_64/jdk7u79/2331/hotspot/src/share/vm/prims/jvm.cpp:1304
Event: 1.385 Thread 0x00007fe5a4801800 Threw 0x00000007d6553168 at /HUDSON/workspace/7u-2-build-macosx-x86_64/jdk7u79/2331/hotspot/src/share/vm/prims/jvm.cpp:1304
Event: 1.391 Thread 0x00007fe5a4801800 Threw 0x00000007d655b248 at /HUDSON/workspace/7u-2-build-macosx-x86_64/jdk7u79/2331/hotspot/src/share/vm/prims/jvm.cpp:1304
Event: 1.913 Thread 0x00007fe5a4801800 Threw 0x00000007d656b508 at /HUDSON/workspace/7u-2-build-macosx-x86_64/jdk7u79/2331/hotspot/src/share/vm/prims/jvm.cpp:1304
Event: 143.080 Thread 0x00007fe5a4801800 Threw 0x00000007d6475798 at /HUDSON/workspace/7u-2-build-macosx-x86_64/jdk7u79/2331/hotspot/src/share/vm/prims/jvm.cpp:1304

Events (10 events):
Event: 139.621 Executing VM operation: RevokeBias
Event: 139.621 Executing VM operation: RevokeBias done
Event: 139.621 Thread 0x00007fe5a410c800 Thread exited: 0x00007fe5a410c800
Event: 139.744 Thread 0x00007fe5a4a79800 Thread added: 0x00007fe5a4a79800
Event: 142.357 Executing VM operation: RevokeBias
Event: 142.358 Executing VM operation: RevokeBias done
Event: 142.358 Thread 0x00007fe5a4a79800 Thread exited: 0x00007fe5a4a79800
Event: 143.022 Thread 0x00007fe5a41b9800 Thread added: 0x00007fe5a41b9800
Event: 143.080 loading class 0x00007fe5a2d3ea20
Event: 143.080 loading class 0x00007fe5a2d3ea20 done


Dynamic libraries:
0x0000000009bf0000 	/System/Library/Frameworks/Cocoa.framework/Versions/A/Cocoa
0x0000000101178000 	/System/Library/Frameworks/Security.framework/Versions/A/Security
0x0000000009bf0000 	/System/Library/Frameworks/ApplicationServices.framework/Versions/A/ApplicationServices
0x0000000009bf0000 	/usr/lib/libz.1.dylib
0x0000000009bf0000 	/usr/lib/libSystem.B.dylib
0x0000000009bf0000 	/usr/lib/libobjc.A.dylib
0x0000000009bf0000 	/System/Library/Frameworks/CoreFoundation.framework/Versions/A/CoreFoundation
0x0000000009bf0000 	/System/Library/Frameworks/Foundation.framework/Versions/C/Foundation
0x0000000009bf0000 	/System/Library/Frameworks/AppKit.framework/Versions/C/AppKit
0x0000000009bf0000 	/System/Library/Frameworks/CoreData.framework/Versions/A/CoreData
0x0000000009bf0000 	/System/Library/PrivateFrameworks/RemoteViewServices.framework/Versions/A/RemoteViewServices
0x0000000009bf0000 	/System/Library/PrivateFrameworks/UIFoundation.framework/Versions/A/UIFoundation
0x0000000009bf0000 	/usr/lib/libScreenReader.dylib
0x0000000009bf0000 	/System/Library/Frameworks/Accelerate.framework/Versions/A/Accelerate
0x0000000009bf0000 	/System/Library/Frameworks/IOSurface.framework/Versions/A/IOSurface
0x0000000009bf0000 	/System/Library/Frameworks/AudioToolbox.framework/Versions/A/AudioToolbox
0x0000000009bf0000 	/System/Library/Frameworks/AudioUnit.framework/Versions/A/AudioUnit
0x0000000009bf0000 	/System/Library/PrivateFrameworks/DataDetectorsCore.framework/Versions/A/DataDetectorsCore
0x0000000009bf0000 	/System/Library/PrivateFrameworks/DesktopServicesPriv.framework/Versions/A/DesktopServicesPriv
0x0000000009bf0000 	/System/Library/Frameworks/Carbon.framework/Versions/A/Frameworks/HIToolbox.framework/Versions/A/HIToolbox
0x0000000009bf0000 	/System/Library/Frameworks/QuartzCore.framework/Versions/A/QuartzCore
0x0000000009bf0000 	/System/Library/Frameworks/Carbon.framework/Versions/A/Frameworks/SpeechRecognition.framework/Versions/A/SpeechRecognition
0x0000000009bf0000 	/usr/lib/libauto.dylib
0x0000000009bf0000 	/usr/lib/libicucore.A.dylib
0x0000000009bf0000 	/usr/lib/libxml2.2.dylib
0x0000000009bf0000 	/System/Library/PrivateFrameworks/CoreUI.framework/Versions/A/CoreUI
0x0000000009bf0000 	/System/Library/Frameworks/CoreAudio.framework/Versions/A/CoreAudio
0x0000000009bf0000 	/System/Library/Frameworks/DiskArbitration.framework/Versions/A/DiskArbitration
0x0000000009bf0000 	/usr/lib/liblangid.dylib
0x0000000009bf0000 	/System/Library/PrivateFrameworks/MultitouchSupport.framework/Versions/A/MultitouchSupport
0x0000000009bf0000 	/System/Library/Frameworks/IOKit.framework/Versions/A/IOKit
0x0000000009bf0000 	/usr/lib/libDiagnosticMessagesClient.dylib
0x0000000009bf0000 	/System/Library/Frameworks/CoreServices.framework/Versions/A/CoreServices
0x0000000009bf0000 	/System/Library/PrivateFrameworks/PerformanceAnalysis.framework/Versions/A/PerformanceAnalysis
0x0000000009bf0000 	/System/Library/PrivateFrameworks/GenerationalStorage.framework/Versions/A/GenerationalStorage
0x0000000009bf0000 	/System/Library/Frameworks/OpenGL.framework/Versions/A/OpenGL
0x0000000009bf0000 	/System/Library/PrivateFrameworks/Sharing.framework/Versions/A/Sharing
0x0000000009bf0000 	/System/Library/Frameworks/CoreGraphics.framework/Versions/A/CoreGraphics
0x0000000009bf0000 	/System/Library/Frameworks/CoreImage.framework/Versions/A/CoreImage
0x0000000009bf0000 	/System/Library/Frameworks/CoreText.framework/Versions/A/CoreText
0x0000000009bf0000 	/System/Library/Frameworks/ImageIO.framework/Versions/A/ImageIO
0x0000000009bf0000 	/System/Library/PrivateFrameworks/Backup.framework/Versions/A/Backup
0x0000000009bf0000 	/usr/lib/libextension.dylib
0x0000000009bf0000 	/usr/lib/libarchive.2.dylib
0x000000010156b000 	/System/Library/Frameworks/CFNetwork.framework/Versions/A/CFNetwork
0x0000000009bf0000 	/System/Library/Frameworks/SystemConfiguration.framework/Versions/A/SystemConfiguration
0x0000000009bf0000 	/usr/lib/libCRFSuite.dylib
0x0000000009bf0000 	/usr/lib/libc++.1.dylib
0x0000000009bf0000 	/usr/lib/libc++abi.dylib
0x0000000009bf0000 	/usr/lib/system/libcache.dylib
0x0000000009bf0000 	/usr/lib/system/libcommonCrypto.dylib
0x0000000009bf0000 	/usr/lib/system/libcompiler_rt.dylib
0x0000000009bf0000 	/usr/lib/system/libcopyfile.dylib
0x0000000009bf0000 	/usr/lib/system/libcorecrypto.dylib
0x0000000009bf0000 	/usr/lib/system/libdispatch.dylib
0x0000000009bf0000 	/usr/lib/system/libdyld.dylib
0x0000000009bf0000 	/usr/lib/system/libkeymgr.dylib
0x0000000009bf0000 	/usr/lib/system/liblaunch.dylib
0x0000000009bf0000 	/usr/lib/system/libmacho.dylib
0x0000000009bf0000 	/usr/lib/system/libquarantine.dylib
0x0000000009bf0000 	/usr/lib/system/libremovefile.dylib
0x0000000009bf0000 	/usr/lib/system/libsystem_asl.dylib
0x0000000009bf0000 	/usr/lib/system/libsystem_blocks.dylib
0x0000000009bf0000 	/usr/lib/system/libsystem_c.dylib
0x0000000009bf0000 	/usr/lib/system/libsystem_configuration.dylib
0x0000000009bf0000 	/usr/lib/system/libsystem_coreservices.dylib
0x0000000009bf0000 	/usr/lib/system/libsystem_coretls.dylib
0x0000000009bf0000 	/usr/lib/system/libsystem_dnssd.dylib
0x0000000009bf0000 	/usr/lib/system/libsystem_info.dylib
0x0000000009bf0000 	/usr/lib/system/libsystem_kernel.dylib
0x0000000009bf0000 	/usr/lib/system/libsystem_m.dylib
0x0000000009bf0000 	/usr/lib/system/libsystem_malloc.dylib
0x0000000009bf0000 	/usr/lib/system/libsystem_network.dylib
0x0000000009bf0000 	/usr/lib/system/libsystem_networkextension.dylib
0x0000000009bf0000 	/usr/lib/system/libsystem_notify.dylib
0x0000000009bf0000 	/usr/lib/system/libsystem_platform.dylib
0x0000000009bf0000 	/usr/lib/system/libsystem_pthread.dylib
0x00000001019dd000 	/usr/lib/system/libsystem_sandbox.dylib
0x0000000009bf0000 	/usr/lib/system/libsystem_secinit.dylib
0x0000000009bf0000 	/usr/lib/system/libsystem_trace.dylib
0x0000000009bf0000 	/usr/lib/system/libunc.dylib
0x0000000009bf0000 	/usr/lib/system/libunwind.dylib
0x0000000009bf0000 	/usr/lib/system/libxpc.dylib
0x0000000009bf0000 	/usr/lib/libenergytrace.dylib
0x0000000009bf0000 	/usr/lib/libbsm.0.dylib
0x0000000009bf0000 	/usr/lib/system/libkxld.dylib
0x0000000009bf0000 	/usr/lib/libxar.1.dylib
0x0000000009bf0000 	/usr/lib/libsqlite3.dylib
0x0000000009bf0000 	/usr/lib/libpam.2.dylib
0x0000000009bf0000 	/usr/lib/libOpenScriptingUtil.dylib
0x0000000009bf0000 	/usr/lib/libbz2.1.0.dylib
0x0000000009bf0000 	/usr/lib/liblzma.5.dylib
0x0000000009bf0000 	/System/Library/Frameworks/CoreServices.framework/Versions/A/Frameworks/FSEvents.framework/Versions/A/FSEvents
0x0000000009bf0000 	/System/Library/Frameworks/CoreServices.framework/Versions/A/Frameworks/CarbonCore.framework/Versions/A/CarbonCore
0x0000000009bf0000 	/System/Library/Frameworks/CoreServices.framework/Versions/A/Frameworks/Metadata.framework/Versions/A/Metadata
0x0000000009bf0000 	/System/Library/Frameworks/CoreServices.framework/Versions/A/Frameworks/OSServices.framework/Versions/A/OSServices
0x0000000009bf0000 	/System/Library/Frameworks/CoreServices.framework/Versions/A/Frameworks/SearchKit.framework/Versions/A/SearchKit
0x0000000009bf0000 	/System/Library/Frameworks/CoreServices.framework/Versions/A/Frameworks/AE.framework/Versions/A/AE
0x0000000009bf0000 	/System/Library/Frameworks/CoreServices.framework/Versions/A/Frameworks/LaunchServices.framework/Versions/A/LaunchServices
0x0000000009bf0000 	/System/Library/Frameworks/CoreServices.framework/Versions/A/Frameworks/DictionaryServices.framework/Versions/A/DictionaryServices
0x0000000009bf0000 	/System/Library/Frameworks/CoreServices.framework/Versions/A/Frameworks/SharedFileList.framework/Versions/A/SharedFileList
0x0000000009bf0000 	/System/Library/Frameworks/NetFS.framework/Versions/A/NetFS
0x0000000009bf0000 	/System/Library/PrivateFrameworks/NetAuth.framework/Versions/A/NetAuth
0x0000000009bf0000 	/System/Library/PrivateFrameworks/login.framework/Versions/A/Frameworks/loginsupport.framework/Versions/A/loginsupport
0x0000000009bf0000 	/System/Library/PrivateFrameworks/TCC.framework/Versions/A/TCC
0x0000000009bf0000 	/usr/lib/libmecabra.dylib
0x0000000009bf0000 	/System/Library/Frameworks/ApplicationServices.framework/Versions/A/Frameworks/ATS.framework/Versions/A/ATS
0x0000000009bf0000 	/System/Library/Frameworks/ApplicationServices.framework/Versions/A/Frameworks/ColorSync.framework/Versions/A/ColorSync
0x0000000009bf0000 	/System/Library/Frameworks/ApplicationServices.framework/Versions/A/Frameworks/HIServices.framework/Versions/A/HIServices
0x0000000009bf0000 	/System/Library/Frameworks/ApplicationServices.framework/Versions/A/Frameworks/LangAnalysis.framework/Versions/A/LangAnalysis
0x0000000009bf0000 	/System/Library/Frameworks/ApplicationServices.framework/Versions/A/Frameworks/PrintCore.framework/Versions/A/PrintCore
0x0000000009bf0000 	/System/Library/Frameworks/ApplicationServices.framework/Versions/A/Frameworks/QD.framework/Versions/A/QD
0x0000000009bf0000 	/System/Library/Frameworks/ApplicationServices.framework/Versions/A/Frameworks/SpeechSynthesis.framework/Versions/A/SpeechSynthesis
0x0000000009bf0000 	/System/Library/Frameworks/Metal.framework/Versions/A/Metal
0x0000000009bf0000 	/System/Library/Frameworks/Accelerate.framework/Versions/A/Frameworks/vImage.framework/Versions/A/vImage
0x0000000009bf0000 	/System/Library/Frameworks/Accelerate.framework/Versions/A/Frameworks/vecLib.framework/Versions/A/vecLib
0x0000000009bf0000 	/System/Library/Frameworks/Accelerate.framework/Versions/A/Frameworks/vecLib.framework/Versions/A/libvDSP.dylib
0x0000000009bf0000 	/System/Library/Frameworks/Accelerate.framework/Versions/A/Frameworks/vecLib.framework/Versions/A/libvMisc.dylib
0x0000000009bf0000 	/System/Library/Frameworks/Accelerate.framework/Versions/A/Frameworks/vecLib.framework/Versions/A/libLAPACK.dylib
0x0000000009bf0000 	/System/Library/Frameworks/Accelerate.framework/Versions/A/Frameworks/vecLib.framework/Versions/A/libBLAS.dylib
0x0000000009bf0000 	/System/Library/Frameworks/Accelerate.framework/Versions/A/Frameworks/vecLib.framework/Versions/A/libLinearAlgebra.dylib
0x0000000009bf0000 	/System/Library/Frameworks/Accelerate.framework/Versions/A/Frameworks/vecLib.framework/Versions/A/libSparseBLAS.dylib
0x0000000009bf0000 	/System/Library/PrivateFrameworks/GPUCompiler.framework/libmetal_timestamp.dylib
0x0000000009bf0000 	/System/Library/Frameworks/OpenGL.framework/Versions/A/Libraries/libCoreFSCache.dylib
0x0000000009bf0000 	/System/Library/PrivateFrameworks/IOAccelerator.framework/Versions/A/IOAccelerator
0x0000000009bf0000 	/System/Library/Frameworks/ApplicationServices.framework/Versions/A/Frameworks/ATS.framework/Versions/A/Resources/libFontParser.dylib
0x0000000009bf0000 	/System/Library/Frameworks/ApplicationServices.framework/Versions/A/Frameworks/ATS.framework/Versions/A/Resources/libFontRegistry.dylib
0x0000000009bf0000 	/System/Library/PrivateFrameworks/AppleVPA.framework/Versions/A/AppleVPA
0x0000000009bf0000 	/System/Library/PrivateFrameworks/AppleJPEG.framework/Versions/A/AppleJPEG
0x0000000009bf0000 	/System/Library/Frameworks/ImageIO.framework/Versions/A/Resources/libJPEG.dylib
0x0000000009bf0000 	/System/Library/Frameworks/ImageIO.framework/Versions/A/Resources/libTIFF.dylib
0x0000000009bf0000 	/System/Library/Frameworks/ImageIO.framework/Versions/A/Resources/libPng.dylib
0x0000000009bf0000 	/System/Library/Frameworks/ImageIO.framework/Versions/A/Resources/libGIF.dylib
0x0000000009bf0000 	/System/Library/Frameworks/ImageIO.framework/Versions/A/Resources/libJP2.dylib
0x0000000009bf0000 	/System/Library/Frameworks/ImageIO.framework/Versions/A/Resources/libRadiance.dylib
0x0000000009bf0000 	/System/Library/Frameworks/CoreVideo.framework/Versions/A/CoreVideo
0x0000000009bf0000 	/System/Library/Frameworks/OpenGL.framework/Versions/A/Libraries/libGLU.dylib
0x0000000009bf0000 	/System/Library/Frameworks/OpenGL.framework/Versions/A/Libraries/libGFXShared.dylib
0x0000000009bf0000 	/System/Library/Frameworks/OpenGL.framework/Versions/A/Libraries/libGL.dylib
0x0000000009bf0000 	/System/Library/Frameworks/OpenGL.framework/Versions/A/Libraries/libGLImage.dylib
0x0000000009bf0000 	/System/Library/Frameworks/OpenGL.framework/Versions/A/Libraries/libCVMSPluginSupport.dylib
0x0000000009bf0000 	/System/Library/Frameworks/OpenGL.framework/Versions/A/Libraries/libCoreVMClient.dylib
0x0000000009bf0000 	/usr/lib/libcups.2.dylib
0x0000000009bf0000 	/System/Library/Frameworks/Kerberos.framework/Versions/A/Kerberos
0x0000000009bf0000 	/System/Library/Frameworks/GSS.framework/Versions/A/GSS
0x0000000009bf0000 	/usr/lib/libresolv.9.dylib
0x0000000009bf0000 	/usr/lib/libiconv.2.dylib
0x0000000009bf0000 	/System/Library/PrivateFrameworks/Heimdal.framework/Versions/A/Heimdal
0x0000000009bf0000 	/usr/lib/libheimdal-asn1.dylib
0x0000000009bf0000 	/System/Library/Frameworks/OpenDirectory.framework/Versions/A/OpenDirectory
0x0000000009bf0000 	/System/Library/PrivateFrameworks/CommonAuth.framework/Versions/A/CommonAuth
0x0000000009bf0000 	/System/Library/Frameworks/OpenDirectory.framework/Versions/A/Frameworks/CFOpenDirectory.framework/Versions/A/CFOpenDirectory
0x0000000009bf0000 	/System/Library/Frameworks/SecurityFoundation.framework/Versions/A/SecurityFoundation
0x0000000009bf0000 	/System/Library/PrivateFrameworks/LanguageModeling.framework/Versions/A/LanguageModeling
0x0000000009bf0000 	/usr/lib/libmarisa.dylib
0x0000000009bf0000 	/usr/lib/libChineseTokenizer.dylib
0x0000000009bf0000 	/usr/lib/libcmph.dylib
0x0000000009bf0000 	/usr/lib/libcompression.dylib
0x0000000009bf0000 	/System/Library/Frameworks/ServiceManagement.framework/Versions/A/ServiceManagement
0x0000000009bf0000 	/usr/lib/libxslt.1.dylib
0x0000000009bf0000 	/System/Library/Frameworks/Carbon.framework/Versions/A/Frameworks/Ink.framework/Versions/A/Ink
0x0000000009bf0000 	/usr/lib/libFosl_dynamic.dylib
0x0000000009bf0000 	/System/Library/PrivateFrameworks/FaceCore.framework/Versions/A/FaceCore
0x0000000009bf0000 	/System/Library/Frameworks/OpenCL.framework/Versions/A/OpenCL
0x0000000009bf0000 	/System/Library/PrivateFrameworks/CrashReporterSupport.framework/Versions/A/CrashReporterSupport
0x0000000009bf0000 	/System/Library/PrivateFrameworks/IconServices.framework/Versions/A/IconServices
0x0000000009bf0000 	/System/Library/PrivateFrameworks/Apple80211.framework/Versions/A/Apple80211
0x0000000009bf0000 	/System/Library/Frameworks/CoreWLAN.framework/Versions/A/CoreWLAN
0x0000000009bf0000 	/System/Library/Frameworks/IOBluetooth.framework/Versions/A/IOBluetooth
0x0000000009bf0000 	/System/Library/PrivateFrameworks/CoreWiFi.framework/Versions/A/CoreWiFi
0x0000000009bf0000 	/System/Library/Frameworks/CoreBluetooth.framework/Versions/A/CoreBluetooth
0x0000000009bf0000 	/System/Library/PrivateFrameworks/ChunkingLibrary.framework/Versions/A/ChunkingLibrary
0x0000000009bf0000 	/System/Library/PrivateFrameworks/DebugSymbols.framework/Versions/A/DebugSymbols
0x0000000009bf0000 	/System/Library/PrivateFrameworks/CoreSymbolication.framework/Versions/A/CoreSymbolication
0x0000000009bf0000 	/System/Library/PrivateFrameworks/Symbolication.framework/Versions/A/Symbolication
0x0000000009bf0000 	/System/Library/PrivateFrameworks/SpeechRecognitionCore.framework/Versions/A/SpeechRecognitionCore
0x0000000101c43000 	/Library/Java/JavaVirtualMachines/jdk1.7.0_79.jdk/Contents/Home/jre/lib/server/libjvm.dylib
0x0000000009bf0000 	/usr/lib/libstdc++.6.dylib
0x00000001026a6000 	/Library/Java/JavaVirtualMachines/jdk1.7.0_79.jdk/Contents/Home/jre/lib/libverify.dylib
0x00000001026b3000 	/Library/Java/JavaVirtualMachines/jdk1.7.0_79.jdk/Contents/Home/jre/lib/libjava.dylib
0x00000001026ef000 	/Library/Java/JavaVirtualMachines/jdk1.7.0_79.jdk/Contents/Home/jre/lib/libzip.dylib
0x00000001027e1000 	/System/Library/Frameworks/JavaVM.framework/Frameworks/JavaRuntimeSupport.framework/JavaRuntimeSupport
0x000000010c072000 	/System/Library/Frameworks/JavaVM.framework/Versions/A/Frameworks/JavaNativeFoundation.framework/Versions/A/JavaNativeFoundation
0x000000010c087000 	/System/Library/Frameworks/JavaVM.framework/Versions/A/JavaVM
0x0000000009bf0000 	/System/Library/Frameworks/Carbon.framework/Versions/A/Carbon
0x000000010c094000 	/System/Library/PrivateFrameworks/JavaLaunching.framework/Versions/A/JavaLaunching
0x0000000009bf0000 	/System/Library/Frameworks/Carbon.framework/Versions/A/Frameworks/CommonPanels.framework/Versions/A/CommonPanels
0x0000000009bf0000 	/System/Library/Frameworks/Carbon.framework/Versions/A/Frameworks/Help.framework/Versions/A/Help
0x0000000009bf0000 	/System/Library/Frameworks/Carbon.framework/Versions/A/Frameworks/ImageCapture.framework/Versions/A/ImageCapture
0x0000000009bf0000 	/System/Library/Frameworks/Carbon.framework/Versions/A/Frameworks/OpenScripting.framework/Versions/A/OpenScripting
0x0000000009bf0000 	/System/Library/Frameworks/Carbon.framework/Versions/A/Frameworks/Print.framework/Versions/A/Print
0x0000000009bf0000 	/System/Library/Frameworks/Carbon.framework/Versions/A/Frameworks/SecurityHI.framework/Versions/A/SecurityHI
0x000000010da0e000 	/Library/Java/JavaVirtualMachines/jdk1.7.0_79.jdk/Contents/Home/jre/lib/libawt.dylib
0x000000010dabd000 	/Library/Java/JavaVirtualMachines/jdk1.7.0_79.jdk/Contents/Home/jre/lib/./libmlib_image.dylib
0x000000010db89000 	/Library/Java/JavaVirtualMachines/jdk1.7.0_79.jdk/Contents/Home/jre/lib/lwawt/liblwawt.dylib
0x000000010dc3f000 	/Library/Java/JavaVirtualMachines/jdk1.7.0_79.jdk/Contents/Home/jre/lib/libosxapp.dylib
0x0000000009bf0000 	/System/Library/Frameworks/ExceptionHandling.framework/Versions/A/ExceptionHandling
0x0000000009bf0000 	/System/Library/PrivateFrameworks/CoreServicesInternal.framework/Versions/A/CoreServicesInternal
0x0000000009bf0000 	/System/Library/Frameworks/CoreGraphics.framework/Versions/A/Resources/libRIP.A.dylib
0x000000010ede7000 	/System/Library/Frameworks/Accelerate.framework/Frameworks/vImage.framework/Versions/A/Libraries/libCGInterfaces.dylib
0x0000000009bf0000 	/System/Library/Frameworks/CoreGraphics.framework/Versions/A/Resources/libCGXType.A.dylib
0x0000000009bf0000 	/System/Library/Frameworks/OpenCL.framework/Versions/A/Libraries/libcldcpuengine.dylib
0x0000000009bf0000 	/System/Library/PrivateFrameworks/DiskImages.framework/Versions/A/DiskImages
0x0000000009bf0000 	/System/Library/Frameworks/DiscRecording.framework/Versions/A/DiscRecording
0x0000000009bf0000 	/usr/lib/libcsfde.dylib
0x0000000009bf0000 	/usr/lib/libcurl.4.dylib
0x0000000009bf0000 	/System/Library/PrivateFrameworks/MediaKit.framework/Versions/A/MediaKit
0x0000000009bf0000 	/System/Library/PrivateFrameworks/ProtectedCloudStorage.framework/Versions/A/ProtectedCloudStorage
0x0000000009bf0000 	/usr/lib/libCoreStorage.dylib
0x0000000009bf0000 	/System/Library/PrivateFrameworks/EFILogin.framework/Versions/A/EFILogin
0x0000000009bf0000 	/usr/lib/libutil.dylib
0x0000000009bf0000 	/System/Library/PrivateFrameworks/FindMyDevice.framework/Versions/A/FindMyDevice
0x0000000009bf0000 	/System/Library/Frameworks/LDAP.framework/Versions/A/LDAP
0x0000000009bf0000 	/usr/lib/libsasl2.2.dylib
0x0000000009bf0000 	/System/Library/PrivateFrameworks/CoreDaemon.framework/Versions/B/CoreDaemon
0x0000000009bf0000 	/usr/lib/libcrypto.0.9.8.dylib
0x0000000009bf0000 	/System/Library/PrivateFrameworks/AppleSRP.framework/Versions/A/AppleSRP
0x0000000009bf0000 	/System/Library/PrivateFrameworks/TrustEvaluationAgent.framework/Versions/A/TrustEvaluationAgent
0x000000010fee0000 	cl_kernels
0x0000000009bf0000 	/System/Library/Frameworks/OpenCL.framework/Versions/A/Libraries/ImageFormats/unorm8_bgra.dylib
0x0000000009bf0000 	/System/Library/Frameworks/OpenCL.framework/Versions/A/Libraries/ImageFormats/unorm8_rgba.dylib
0x0000000009bf0000 	/System/Library/PrivateFrameworks/FamilyControls.framework/Versions/A/FamilyControls
0x0000000009bf0000 	/System/Library/PrivateFrameworks/CommerceKit.framework/Versions/A/Frameworks/CommerceCore.framework/Versions/A/CommerceCore
0x0000000009bf0000 	/System/Library/PrivateFrameworks/SystemAdministration.framework/Versions/A/SystemAdministration
0x0000000009bf0000 	/System/Library/PrivateFrameworks/AppContainer.framework/Versions/A/AppContainer
0x0000000009bf0000 	/System/Library/PrivateFrameworks/SecCodeWrapper.framework/Versions/A/SecCodeWrapper
0x0000000009bf0000 	/System/Library/Frameworks/DirectoryService.framework/Versions/A/DirectoryService
0x0000000009bf0000 	/System/Library/PrivateFrameworks/LoginUIKit.framework/Versions/A/Frameworks/LoginUICore.framework/Versions/A/LoginUICore
0x0000000009bf0000 	/usr/lib/libodfde.dylib
0x0000000111058000 	/Library/Java/JavaVirtualMachines/jdk1.7.0_79.jdk/Contents/Home/jre/lib/libfontmanager.dylib
0x00000001110bf000 	/Users/maxwell/Documents/lwjgl-2.9.3/native/macosx/liblwjgl.dylib
0x000000010efeb000 	/Library/Java/JavaVirtualMachines/jdk1.7.0_79.jdk/Contents/Home/jre/lib/libjawt.dylib
0x000000010efee000 	/Library/Java/JavaVirtualMachines/jdk1.7.0_79.jdk/Contents/Home/jre/lib/libnio.dylib
0x0000000111141000 	/Library/Java/JavaVirtualMachines/jdk1.7.0_79.jdk/Contents/Home/jre/lib/./libnet.dylib
0x000000011119f000 	/System/Library/Frameworks/OpenGL.framework/Resources/GLEngine.bundle/GLEngine
0x0000000009bf0000 	/System/Library/Frameworks/OpenGL.framework/Versions/A/Libraries/libGLProgrammability.dylib
0x0000000111387000 	/System/Library/Extensions/AppleIntelBDWGraphicsGLDriver.bundle/Contents/MacOS/AppleIntelBDWGraphicsGLDriver
0x0000000009bf0000 	/System/Library/PrivateFrameworks/GPUSupport.framework/Versions/A/Libraries/libGPUSupportMercury.dylib
0x0000000111acf000 	/System/Library/Frameworks/OpenGL.framework/Resources//GLRendererFloat.bundle/GLRendererFloat
0x0000000112c5e000 	/Users/maxwell/Documents/lwjgl-2.9.3/native/macosx/libjinput-osx.dylib
0x0000000112c63000 	/System/Library/Extensions/IOHIDFamily.kext/Contents/PlugIns/IOHIDLib.plugin/Contents/MacOS/IOHIDLib
0x0000000112d17000 	/Library/Java/JavaVirtualMachines/jdk1.7.0_79.jdk/Contents/Home/jre/lib/libjpeg.dylib
0x0000000112d4e000 	/Library/Java/JavaVirtualMachines/jdk1.7.0_79.jdk/Contents/Home/jre/lib/libkcms.dylib

VM Arguments:
jvm_args: -Djava.library.path=/Users/maxwell/Documents/lwjgl-2.9.3/native/macosx:/Users/calvinhe/Desktop/Slick2D&LWJGL/lwjgl-2.9.3/native/macosx -Dfile.encoding=UTF-8 
java_command: com.tweeter.app.Main
Launcher Type: SUN_STANDARD

Environment Variables:
PATH=/usr/bin:/bin:/usr/sbin:/sbin
SHELL=/bin/bash

Signal Handlers:
SIGSEGV: [libjvm.dylib+0x52daf1], sa_mask[0]=0xfffefeff, sa_flags=0x00000043
SIGBUS: [libjvm.dylib+0x52daf1], sa_mask[0]=0xfffefeff, sa_flags=0x00000042
SIGFPE: [libjvm.dylib+0x41f34e], sa_mask[0]=0xfffefeff, sa_flags=0x00000042
SIGPIPE: [libjvm.dylib+0x41f34e], sa_mask[0]=0xfffefeff, sa_flags=0x00000042
SIGXFSZ: [libjvm.dylib+0x41f34e], sa_mask[0]=0xfffefeff, sa_flags=0x00000042
SIGILL: [libjvm.dylib+0x41f34e], sa_mask[0]=0xfffefeff, sa_flags=0x00000042
SIGUSR1: SIG_DFL, sa_mask[0]=0x00000000, sa_flags=0x00000000
SIGUSR2: [libjvm.dylib+0x41ee40], sa_mask[0]=0x00000004, sa_flags=0x00000042
SIGHUP: [libjvm.dylib+0x41d0d1], sa_mask[0]=0xfffefeff, sa_flags=0x00000042
SIGINT: [libjvm.dylib+0x41d0d1], sa_mask[0]=0xfffefeff, sa_flags=0x00000042
SIGTERM: [libjvm.dylib+0x41d0d1], sa_mask[0]=0xfffefeff, sa_flags=0x00000042
SIGQUIT: [libjvm.dylib+0x41d0d1], sa_mask[0]=0xfffefeff, sa_flags=0x00000042


---------------  S Y S T E M  ---------------

OS:Bsduname:Darwin 15.3.0 Darwin Kernel Version 15.3.0: Thu Dec 10 18:40:58 PST 2015; root:xnu-3248.30.4~1/RELEASE_X86_64 x86_64
rlimit: STACK 8192k, CORE 0k, NPROC 709, NOFILE 10240, AS infinity
load average:3.10 2.87 2.86

CPU:total 4 (2 cores per cpu, 2 threads per core) family 6 model 61 stepping 4, cmov, cx8, fxsr, mmx, sse, sse2, sse3, ssse3, sse4.1, sse4.2, popcnt, avx, avx2, aes, erms, ht, tsc, tscinvbit

Memory: 4k page, physical 8388608k(2097152k free)

/proc/meminfo:


vm_info: Java HotSpot(TM) 64-Bit Server VM (24.79-b02) for bsd-amd64 JRE (1.7.0_79-b15), built on Apr 10 2015 11:35:04 by "java_re" with gcc 4.2.1 (Based on Apple Inc. build 5658) (LLVM build 2336.11.00)

time: Tue Mar  8 21:09:39 2016
elapsed time: 143 seconds

